{"/home/lucas/GildedRose-Refactoring-Kata/js-jest/src/gilded_rose.js": {"path":"/home/lucas/GildedRose-Refactoring-Kata/js-jest/src/gilded_rose.js","statementMap":{"0":{"start":{"line":3,"column":4},"end":{"line":3,"column":21}},"1":{"start":{"line":4,"column":4},"end":{"line":4,"column":25}},"2":{"start":{"line":5,"column":4},"end":{"line":5,"column":27}},"3":{"start":{"line":11,"column":4},"end":{"line":11,"column":23}},"4":{"start":{"line":15,"column":4},"end":{"line":67,"column":5}},"5":{"start":{"line":15,"column":17},"end":{"line":15,"column":18}},"6":{"start":{"line":16,"column":6},"end":{"line":45,"column":7}},"7":{"start":{"line":20,"column":8},"end":{"line":24,"column":9}},"8":{"start":{"line":21,"column":10},"end":{"line":23,"column":11}},"9":{"start":{"line":22,"column":12},"end":{"line":22,"column":62}},"10":{"start":{"line":26,"column":8},"end":{"line":44,"column":9}},"11":{"start":{"line":27,"column":10},"end":{"line":27,"column":60}},"12":{"start":{"line":29,"column":10},"end":{"line":43,"column":11}},"13":{"start":{"line":32,"column":12},"end":{"line":36,"column":13}},"14":{"start":{"line":33,"column":14},"end":{"line":35,"column":15}},"15":{"start":{"line":34,"column":16},"end":{"line":34,"column":66}},"16":{"start":{"line":38,"column":12},"end":{"line":42,"column":13}},"17":{"start":{"line":39,"column":14},"end":{"line":41,"column":15}},"18":{"start":{"line":40,"column":16},"end":{"line":40,"column":66}},"19":{"start":{"line":47,"column":6},"end":{"line":66,"column":7}},"20":{"start":{"line":48,"column":8},"end":{"line":65,"column":9}},"21":{"start":{"line":49,"column":10},"end":{"line":60,"column":11}},"22":{"start":{"line":52,"column":12},"end":{"line":56,"column":13}},"23":{"start":{"line":53,"column":14},"end":{"line":55,"column":15}},"24":{"start":{"line":54,"column":16},"end":{"line":54,"column":66}},"25":{"start":{"line":58,"column":12},"end":{"line":59,"column":60}},"26":{"start":{"line":62,"column":10},"end":{"line":64,"column":11}},"27":{"start":{"line":63,"column":12},"end":{"line":63,"column":62}},"28":{"start":{"line":69,"column":4},"end":{"line":69,"column":22}},"29":{"start":{"line":73,"column":0},"end":{"line":76,"column":2}}},"fnMap":{"0":{"name":"(anonymous_0)","decl":{"start":{"line":2,"column":2},"end":{"line":2,"column":3}},"loc":{"start":{"line":2,"column":37},"end":{"line":6,"column":3}},"line":2},"1":{"name":"(anonymous_1)","decl":{"start":{"line":10,"column":2},"end":{"line":10,"column":3}},"loc":{"start":{"line":10,"column":26},"end":{"line":12,"column":3}},"line":10},"2":{"name":"(anonymous_2)","decl":{"start":{"line":14,"column":2},"end":{"line":14,"column":3}},"loc":{"start":{"line":14,"column":18},"end":{"line":70,"column":3}},"line":14}},"branchMap":{"0":{"loc":{"start":{"line":10,"column":14},"end":{"line":10,"column":24}},"type":"default-arg","locations":[{"start":{"line":10,"column":22},"end":{"line":10,"column":24}}],"line":10},"1":{"loc":{"start":{"line":16,"column":6},"end":{"line":45,"column":7}},"type":"if","locations":[{"start":{"line":16,"column":6},"end":{"line":45,"column":7}},{"start":{"line":16,"column":6},"end":{"line":45,"column":7}}],"line":16},"2":{"loc":{"start":{"line":17,"column":8},"end":{"line":18,"column":73}},"type":"binary-expr","locations":[{"start":{"line":17,"column":8},"end":{"line":17,"column":41}},{"start":{"line":18,"column":8},"end":{"line":18,"column":73}}],"line":17},"3":{"loc":{"start":{"line":20,"column":8},"end":{"line":24,"column":9}},"type":"if","locations":[{"start":{"line":20,"column":8},"end":{"line":24,"column":9}},{"start":{"line":20,"column":8},"end":{"line":24,"column":9}}],"line":20},"4":{"loc":{"start":{"line":21,"column":10},"end":{"line":23,"column":11}},"type":"if","locations":[{"start":{"line":21,"column":10},"end":{"line":23,"column":11}},{"start":{"line":21,"column":10},"end":{"line":23,"column":11}}],"line":21},"5":{"loc":{"start":{"line":26,"column":8},"end":{"line":44,"column":9}},"type":"if","locations":[{"start":{"line":26,"column":8},"end":{"line":44,"column":9}},{"start":{"line":26,"column":8},"end":{"line":44,"column":9}}],"line":26},"6":{"loc":{"start":{"line":29,"column":10},"end":{"line":43,"column":11}},"type":"if","locations":[{"start":{"line":29,"column":10},"end":{"line":43,"column":11}},{"start":{"line":29,"column":10},"end":{"line":43,"column":11}}],"line":29},"7":{"loc":{"start":{"line":32,"column":12},"end":{"line":36,"column":13}},"type":"if","locations":[{"start":{"line":32,"column":12},"end":{"line":36,"column":13}},{"start":{"line":32,"column":12},"end":{"line":36,"column":13}}],"line":32},"8":{"loc":{"start":{"line":33,"column":14},"end":{"line":35,"column":15}},"type":"if","locations":[{"start":{"line":33,"column":14},"end":{"line":35,"column":15}},{"start":{"line":33,"column":14},"end":{"line":35,"column":15}}],"line":33},"9":{"loc":{"start":{"line":38,"column":12},"end":{"line":42,"column":13}},"type":"if","locations":[{"start":{"line":38,"column":12},"end":{"line":42,"column":13}},{"start":{"line":38,"column":12},"end":{"line":42,"column":13}}],"line":38},"10":{"loc":{"start":{"line":39,"column":14},"end":{"line":41,"column":15}},"type":"if","locations":[{"start":{"line":39,"column":14},"end":{"line":41,"column":15}},{"start":{"line":39,"column":14},"end":{"line":41,"column":15}}],"line":39},"11":{"loc":{"start":{"line":47,"column":6},"end":{"line":66,"column":7}},"type":"if","locations":[{"start":{"line":47,"column":6},"end":{"line":66,"column":7}},{"start":{"line":47,"column":6},"end":{"line":66,"column":7}}],"line":47},"12":{"loc":{"start":{"line":48,"column":8},"end":{"line":65,"column":9}},"type":"if","locations":[{"start":{"line":48,"column":8},"end":{"line":65,"column":9}},{"start":{"line":48,"column":8},"end":{"line":65,"column":9}}],"line":48},"13":{"loc":{"start":{"line":49,"column":10},"end":{"line":60,"column":11}},"type":"if","locations":[{"start":{"line":49,"column":10},"end":{"line":60,"column":11}},{"start":{"line":49,"column":10},"end":{"line":60,"column":11}}],"line":49},"14":{"loc":{"start":{"line":52,"column":12},"end":{"line":56,"column":13}},"type":"if","locations":[{"start":{"line":52,"column":12},"end":{"line":56,"column":13}},{"start":{"line":52,"column":12},"end":{"line":56,"column":13}}],"line":52},"15":{"loc":{"start":{"line":53,"column":14},"end":{"line":55,"column":15}},"type":"if","locations":[{"start":{"line":53,"column":14},"end":{"line":55,"column":15}},{"start":{"line":53,"column":14},"end":{"line":55,"column":15}}],"line":53},"16":{"loc":{"start":{"line":62,"column":10},"end":{"line":64,"column":11}},"type":"if","locations":[{"start":{"line":62,"column":10},"end":{"line":64,"column":11}},{"start":{"line":62,"column":10},"end":{"line":64,"column":11}}],"line":62}},"s":{"0":2,"1":2,"2":2,"3":2,"4":2,"5":2,"6":2,"7":2,"8":1,"9":0,"10":0,"11":0,"12":0,"13":0,"14":0,"15":0,"16":0,"17":0,"18":0,"19":2,"20":0,"21":0,"22":0,"23":0,"24":0,"25":0,"26":0,"27":0,"28":2,"29":1},"f":{"0":2,"1":2,"2":2},"b":{"0":[0],"1":[2,0],"2":[2,2],"3":[1,1],"4":[0,1],"5":[0,0],"6":[0,0],"7":[0,0],"8":[0,0],"9":[0,0],"10":[0,0],"11":[0,2],"12":[0,0],"13":[0,0],"14":[0,0],"15":[0,0],"16":[0,0]},"_coverageSchema":"43e27e138ebf9cfc5966b082cf9a028302ed4184","hash":"3458468ac017da8da8323e850db460cd9e4cfcf6"}
,"/home/lucas/GildedRose-Refactoring-Kata/js-jest/src/legendary_item.js": {"path":"/home/lucas/GildedRose-Refactoring-Kata/js-jest/src/legendary_item.js","statementMap":{"0":{"start":{"line":1,"column":17},"end":{"line":1,"column":46}},"1":{"start":{"line":5,"column":4},"end":{"line":5,"column":33}},"2":{"start":{"line":9,"column":4},"end":{"line":9,"column":24}},"3":{"start":{"line":13,"column":0},"end":{"line":15,"column":2}}},"fnMap":{"0":{"name":"(anonymous_0)","decl":{"start":{"line":4,"column":2},"end":{"line":4,"column":3}},"loc":{"start":{"line":4,"column":37},"end":{"line":6,"column":3}},"line":4},"1":{"name":"(anonymous_1)","decl":{"start":{"line":8,"column":2},"end":{"line":8,"column":3}},"loc":{"start":{"line":8,"column":18},"end":{"line":10,"column":3}},"line":8}},"branchMap":{},"s":{"0":1,"1":1,"2":0,"3":1},"f":{"0":1,"1":0},"b":{},"_coverageSchema":"43e27e138ebf9cfc5966b082cf9a028302ed4184","hash":"7f800d3487287f999c11f504c0484783aee4572d"}
}
